<?xml version="1.0" encoding="UTF-8"?>
<!-- Generated by org.testng.reporters.JUnitReportReporter -->
<testsuite hostname="DESKTOP-KO5V4JS" failures="0" tests="3" name="test.product.tests.StudentTest" time="12.408" errors="0" timestamp="18 Feb 2021 19:13:19 GMT">
  <testcase classname="test.product.tests.StudentTest" name="addNewStudent" time="3.588"/>
  <testcase classname="test.product.tests.StudentTest" name="deleteStudent" time="3.788"/>
  <testcase classname="test.product.tests.StudentTest" name="updateStudentName" time="5.032"/>
</testsuite> <!-- test.product.tests.StudentTest -->
