<?xml version="1.0" encoding="UTF-8"?>
<!-- Generated by org.testng.reporters.JUnitReportReporter -->
<testsuite hostname="DESKTOP-KO5V4JS" failures="0" tests="1" name="test.product.tests.PopulateDatabaseTest" time="3.390" errors="0" timestamp="18 Feb 2021 13:00:50 GMT">
  <testcase classname="test.product.tests.PopulateDatabaseTest" name="populateDatabase" time="3.390"/>
</testsuite> <!-- test.product.tests.PopulateDatabaseTest -->
