<?xml version="1.0" encoding="UTF-8"?>
<!-- Generated by org.testng.reporters.JUnitReportReporter -->
<testsuite hostname="DESKTOP-KO5V4JS" failures="0" tests="1" name="test.product.SeleniumDatabaseTesting" time="0.045" errors="0" timestamp="18 Feb 2021 15:02:14 GMT">
  <testcase classname="test.product.SeleniumDatabaseTesting" name="test" time="0.045"/>
</testsuite> <!-- test.product.SeleniumDatabaseTesting -->
