<?xml version="1.0" encoding="UTF-8"?>
<!-- Generated by org.testng.reporters.JUnitReportReporter -->
<testsuite hostname="DESKTOP-KO5V4JS" failures="0" tests="3" name="test.product.tests.CourseTest" time="6.681" errors="0" timestamp="18 Feb 2021 19:13:19 GMT">
  <testcase classname="test.product.tests.CourseTest" name="deleteCourse" time="2.249"/>
  <testcase classname="test.product.tests.CourseTest" name="addNewCourse" time="2.851"/>
  <testcase classname="test.product.tests.CourseTest" name="updateCourse" time="1.581"/>
</testsuite> <!-- test.product.tests.CourseTest -->
