<?xml version="1.0" encoding="UTF-8"?>
<!-- Generated by org.testng.reporters.JUnitReportReporter -->
<testsuite hostname="DESKTOP-KO5V4JS" failures="0" tests="3" name="test.product.tests.StudentCourseTest" time="16.519" errors="0" timestamp="18 Feb 2021 19:13:19 GMT">
  <testcase classname="test.product.tests.StudentCourseTest" name="addCourseToStudent" time="5.677"/>
  <testcase classname="test.product.tests.StudentCourseTest" name="deleteStudentCourse" time="6.316"/>
  <testcase classname="test.product.tests.StudentCourseTest" name="editStudentCourse" time="4.526"/>
</testsuite> <!-- test.product.tests.StudentCourseTest -->
