<?xml version="1.0" encoding="UTF-8"?>
<!-- Generated by org.testng.reporters.JUnitReportReporter -->
<testsuite hostname="DESKTOP-KO5V4JS" failures="0" tests="1" name="test.product.Testt" time="4.690" errors="0" timestamp="18 Feb 2021 10:15:10 GMT">
  <testcase classname="test.product.Testt" name="test1" time="4.690"/>
</testsuite> <!-- test.product.Testt -->
