<?xml version="1.0" encoding="UTF-8"?>
<!-- Generated by org.testng.reporters.JUnitReportReporter -->
<testsuite hostname="DESKTOP-KO5V4JS" failures="0" tests="2" name="test.product.tests.StudentTest" time="5.057" errors="0" timestamp="18 Feb 2021 14:40:31 GMT">
  <testcase classname="test.product.tests.StudentTest" name="addNewStudent" time="3.123"/>
  <testcase classname="test.product.tests.StudentTest" name="updateStudentName" time="1.934"/>
</testsuite> <!-- test.product.tests.StudentTest -->
