<?xml version="1.0" encoding="UTF-8"?>
<!-- Generated by org.testng.reporters.JUnitReportReporter -->
<testsuite hostname="DESKTOP-KO5V4JS" failures="0" tests="1" name="test.product.testCases.VerifyWordpressLogin" time="13.423" errors="0" timestamp="18 Feb 2021 10:15:10 GMT">
  <testcase classname="test.product.testCases.VerifyWordpressLogin" name="verifyValidLogin" time="13.423"/>
</testsuite> <!-- test.product.testCases.VerifyWordpressLogin -->
